<?xml version="1.0" encoding="UTF-8"?>
<testsuite name="LEX -&gt; Desacoplamiento" tests="2" skipped="0" failures="0" errors="0" timestamp="2020-08-28T16:48:12" hostname="PTOF67355" time="63.816">
  <properties/>
  <testcase name="Menu Proceso/Opcion Ingreso Proceso" classname="LEX -&gt; Desacoplamiento" time="25.765"/>
  <testcase name="Menu Proceso/Opcion Ingreso Proceso" classname="LEX -&gt; Desacoplamiento" time="38.045"/>
  <system-out><![CDATA[]]></system-out>
  <system-err><![CDATA[ago 28, 2020 11:48:13 AM org.openqa.selenium.remote.DesiredCapabilities chrome
INFORMACIÓN: Using `new ChromeOptions()` is preferred to `DesiredCapabilities.chrome()`
Starting ChromeDriver 2.44.609538 (b655c5a60b0b544917107a59d4153d4bf78e1b90) on port 41444
Only local connections are allowed.
ago 28, 2020 11:48:18 AM org.openqa.selenium.remote.ProtocolHandshake createSession
INFORMACIÓN: Detected dialect: OSS
[Test worker] INFO net.serenitybdd.core.Serenity - 
        __    _____ _____ ____ _____   ____   _    ____  ____  _____ ____  
  _     \ \  |_   _| ____/ ___|_   _| |  _ \ / \  / ___|/ ___|| ____|  _ \ 
 (_)_____| |   | | |  _| \___ \ | |   | |_) / _ \ \___ \\___ \|  _| | | | |
  _|_____| |   | | | |___ ___) || |   |  __/ ___ \ ___) |___) | |___| |_| |
 (_)     | |   |_| |_____|____/ |_|   |_| /_/   \_\____/|____/|_____|____/ 
        /_/                                                                

TEST PASSED: Menu Proceso/Opcion Ingreso Proceso
----------------------------------------------------------------------------
ago 28, 2020 11:48:38 AM org.openqa.selenium.remote.DesiredCapabilities chrome
INFORMACIÓN: Using `new ChromeOptions()` is preferred to `DesiredCapabilities.chrome()`
ago 28, 2020 11:48:41 AM org.openqa.selenium.remote.ProtocolHandshake createSession
INFORMACIÓN: Detected dialect: OSS
[Test worker] INFO net.serenitybdd.core.Serenity - 
        __    _____ _____ ____ _____   ____   _    ____  ____  _____ ____  
  _     \ \  |_   _| ____/ ___|_   _| |  _ \ / \  / ___|/ ___|| ____|  _ \ 
 (_)_____| |   | | |  _| \___ \ | |   | |_) / _ \ \___ \\___ \|  _| | | | |
  _|_____| |   | | | |___ ___) || |   |  __/ ___ \ ___) |___) | |___| |_| |
 (_)     | |   |_| |_____|____/ |_|   |_| /_/   \_\____/|____/|_____|____/ 
        /_/                                                                

TEST PASSED: Menu Proceso/Opcion Ingreso Proceso
----------------------------------------------------------------------------
]]></system-err>
</testsuite>
