<?xml version="1.0" encoding="UTF-8"?>
<testsuite name="LEX -&gt; Desacoplamiento" tests="1" skipped="0" failures="0" errors="0" timestamp="2020-08-26T20:21:36" hostname="PTOF67355" time="8.343">
  <properties/>
  <testcase name="Menu Estudiantes/Administracion notas aprobadas" classname="LEX -&gt; Desacoplamiento" time="8.343"/>
  <system-out><![CDATA[





]]></system-out>
  <system-err><![CDATA[ago 26, 2020 3:21:37 PM org.openqa.selenium.remote.DesiredCapabilities chrome
INFORMACIÓN: Using `new ChromeOptions()` is preferred to `DesiredCapabilities.chrome()`
Starting ChromeDriver 2.44.609538 (b655c5a60b0b544917107a59d4153d4bf78e1b90) on port 18184
Only local connections are allowed.
ago 26, 2020 3:21:40 PM org.openqa.selenium.remote.ProtocolHandshake createSession
INFORMACIÓN: Detected dialect: OSS
[Test worker] INFO net.thucydides.core.steps.ConsoleLoggingListener - 
        __    _____ _____ ____ _____   ____   _    ____  ____  _____ ____  
  _     \ \  |_   _| ____/ ___|_   _| |  _ \ / \  / ___|/ ___|| ____|  _ \ 
 (_)_____| |   | | |  _| \___ \ | |   | |_) / _ \ \___ \\___ \|  _| | | | |
  _|_____| |   | | | |___ ___) || |   |  __/ ___ \ ___) |___) | |___| |_| |
 (_)     | |   |_| |_____|____/ |_|   |_| /_/   \_\____/|____/|_____|____/ 
        /_/                                                                

TEST PASSED: Menu Estudiantes/Administracion notas aprobadas
----------------------------------------------------------------------------
]]></system-err>
</testsuite>
