<?xml version="1.0" encoding="UTF-8"?>
<testsuite name="co.edu.RunnerTags" tests="0" skipped="0" failures="0" errors="0" timestamp="1970-01-01T00:00:00" hostname="PTOF67355" time="0.0">
  <properties/>
  <system-out><![CDATA[
1 Scenarios (?[32m1 passed?[0m)
6 Steps (?[32m6 passed?[0m)
0m8,647s

]]></system-out>
  <system-err><![CDATA[[Test worker] INFO net.thucydides.core.steps.ConsoleLoggingListener - 

-------------------------------------------------------------------------------------
     _______. _______ .______       _______ .__   __.  __  .___________.____    ____ 
    /       ||   ____||   _  \     |   ____||  \ |  | |  | |           |\   \  /   / 
   |   (----`|  |__   |  |_)  |    |  |__   |   \|  | |  | `---|  |----` \   \/   /  
    \   \    |   __|  |      /     |   __|  |  . `  | |  |     |  |       \_    _/   
.----)   |   |  |____ |  |\  \----.|  |____ |  |\   | |  |     |  |         |  |     
|_______/    |_______|| _| `._____||_______||__| \__| |__|     |__|         |__|    
                                                                                     
 News and tutorials at http://www.serenity-bdd.info                                  
 Documentation at https://wakaleo.gitbooks.io/the-serenity-book/content/             
 Join the Serenity Community on Rocket Chat at https://serenity-bdd.rocket.chat      
 Serenity BDD Support and Training at http://serenity-bdd.info/#/trainingandsupport  
 Learn Serenity BDD online at http://serenity-dojo.com                               
-------------------------------------------------------------------------------------

[Test worker] INFO net.thucydides.core.steps.ConsoleLoggingListener - Test Suite Started: LEX -> Desacoplamiento
[Test worker] INFO net.thucydides.core.steps.ConsoleLoggingListener - Test Suite Started: LEX: Ampliacion campo Numero documento de identidad
[Test worker] INFO net.thucydides.core.steps.ConsoleLoggingListener - 
 _____ _____ ____ _____   ____ _____  _    ____ _____ _____ ____  
|_   _| ____/ ___|_   _| / ___|_   _|/ \  |  _ \_   _| ____|  _ \ 
  | | |  _| \___ \ | |   \___ \ | | / _ \ | |_) || | |  _| | | | |
  | | | |___ ___) || |    ___) || |/ ___ \|  _ < | | | |___| |_| |
  |_| |_____|____/ |_|   |____/ |_/_/   \_\_| \_\|_| |_____|____/ 
                                                                  

TEST STARTED: Menu Estudiantes/Administracion notas aprobadas
-------------------------------------------------------------------(lex-->-desacoplamiento;menu-estudiantes/administracion-notas-aprobadas)
[pool-2-thread-1] INFO net.thucydides.core.requirements.PackageRequirementsTagProvider - Loading requirements from package requirements at: net.thucydides.showcase.cucumber.junit
[pool-2-thread-1] WARN net.thucydides.core.requirements.RequirementsTagProvider - Failed to load requirements: null
net.thucydides.core.requirements.CouldNotLoadRequirementsException
	at net.thucydides.core.requirements.PackageRequirementsTagProvider.requirementPathsFromClassesInPackage(PackageRequirementsTagProvider.java:173)
	at net.thucydides.core.requirements.PackageRequirementsTagProvider.requirementPathsStartingFrom(PackageRequirementsTagProvider.java:158)
	at net.thucydides.core.requirements.PackageRequirementsTagProvider.requirementsReadFromClasspath(PackageRequirementsTagProvider.java:117)
	at net.thucydides.core.requirements.PackageRequirementsTagProvider.fetchRequirements(PackageRequirementsTagProvider.java:100)
	at net.thucydides.core.requirements.PackageRequirementsTagProvider.getRequirements(PackageRequirementsTagProvider.java:91)
	at net.thucydides.core.requirements.RequirementsProvided.by(RequirementsProvided.java:15)
	at net.thucydides.core.requirements.MultiSourceRequirementsService.getRequirements(MultiSourceRequirementsService.java:40)
	at net.thucydides.core.requirements.BaseRequirementsService.getRequirementTypes(BaseRequirementsService.java:203)
	at net.thucydides.core.reports.html.HtmlAcceptanceTestReporter.addTestOutcomeToContext(HtmlAcceptanceTestReporter.java:160)
	at net.thucydides.core.reports.html.HtmlAcceptanceTestReporter.generateReportFor(HtmlAcceptanceTestReporter.java:106)
	at net.thucydides.core.reports.ReportService.generateReportFor(ReportService.java:239)
	at net.thucydides.core.reports.ReportService.lambda$generateReportsFor$0(ReportService.java:175)
	at java.util.concurrent.Executors$RunnableAdapter.call(Executors.java:511)
	at java.util.concurrent.FutureTask.run(FutureTask.java:266)
	at java.util.concurrent.ThreadPoolExecutor.runWorker(ThreadPoolExecutor.java:1149)
	at java.util.concurrent.ThreadPoolExecutor$Worker.run(ThreadPoolExecutor.java:624)
	at java.lang.Thread.run(Thread.java:748)
[pool-2-thread-1] INFO net.thucydides.core.requirements.PackageRequirementsTagProvider - Loading requirements from package requirements at: net.thucydides.showcase.cucumber.junit
[pool-2-thread-1] WARN net.thucydides.core.requirements.RequirementsTagProvider - Failed to load requirements: null
net.thucydides.core.requirements.CouldNotLoadRequirementsException
	at net.thucydides.core.requirements.PackageRequirementsTagProvider.requirementPathsFromClassesInPackage(PackageRequirementsTagProvider.java:173)
	at net.thucydides.core.requirements.PackageRequirementsTagProvider.requirementPathsStartingFrom(PackageRequirementsTagProvider.java:158)
	at net.thucydides.core.requirements.PackageRequirementsTagProvider.requirementsReadFromClasspath(PackageRequirementsTagProvider.java:117)
	at net.thucydides.core.requirements.PackageRequirementsTagProvider.fetchRequirements(PackageRequirementsTagProvider.java:100)
	at net.thucydides.core.requirements.PackageRequirementsTagProvider.getRequirements(PackageRequirementsTagProvider.java:91)
	at net.thucydides.core.requirements.PackageRequirementsTagProvider.getTestCaseRequirementOf(PackageRequirementsTagProvider.java:236)
	at net.thucydides.core.requirements.PackageRequirementsTagProvider.getParentRequirementOf(PackageRequirementsTagProvider.java:232)
	at net.thucydides.core.requirements.ParentRequirementsProvided.forOutcome(ParentRequirementsProvided.java:26)
	at net.thucydides.core.requirements.BaseRequirementsService.getParentRequirementOf(BaseRequirementsService.java:156)
	at net.thucydides.core.requirements.BaseRequirementsService.getParentRequirementFor(BaseRequirementsService.java:61)
	at net.thucydides.core.reports.html.HtmlAcceptanceTestReporter.addParentRequirmentFieldToContext(HtmlAcceptanceTestReporter.java:168)
	at net.thucydides.core.reports.html.HtmlAcceptanceTestReporter.addTestOutcomeToContext(HtmlAcceptanceTestReporter.java:162)
	at net.thucydides.core.reports.html.HtmlAcceptanceTestReporter.generateReportFor(HtmlAcceptanceTestReporter.java:106)
	at net.thucydides.core.reports.ReportService.generateReportFor(ReportService.java:239)
	at net.thucydides.core.reports.ReportService.lambda$generateReportsFor$0(ReportService.java:175)
	at java.util.concurrent.Executors$RunnableAdapter.call(Executors.java:511)
	at java.util.concurrent.FutureTask.run(FutureTask.java:266)
	at java.util.concurrent.ThreadPoolExecutor.runWorker(ThreadPoolExecutor.java:1149)
	at java.util.concurrent.ThreadPoolExecutor$Worker.run(ThreadPoolExecutor.java:624)
	at java.lang.Thread.run(Thread.java:748)
[pool-2-thread-1] INFO net.thucydides.core.requirements.PackageRequirementsTagProvider - Loading requirements from package requirements at: net.thucydides.showcase.cucumber.junit
[pool-2-thread-1] WARN net.thucydides.core.requirements.RequirementsTagProvider - Failed to load requirements: null
net.thucydides.core.requirements.CouldNotLoadRequirementsException
	at net.thucydides.core.requirements.PackageRequirementsTagProvider.requirementPathsFromClassesInPackage(PackageRequirementsTagProvider.java:173)
	at net.thucydides.core.requirements.PackageRequirementsTagProvider.requirementPathsStartingFrom(PackageRequirementsTagProvider.java:158)
	at net.thucydides.core.requirements.PackageRequirementsTagProvider.requirementsReadFromClasspath(PackageRequirementsTagProvider.java:117)
	at net.thucydides.core.requirements.PackageRequirementsTagProvider.fetchRequirements(PackageRequirementsTagProvider.java:100)
	at net.thucydides.core.requirements.PackageRequirementsTagProvider.getRequirements(PackageRequirementsTagProvider.java:91)
	at net.thucydides.core.requirements.PackageRequirementsTagProvider.getTestCaseRequirementOf(PackageRequirementsTagProvider.java:236)
	at net.thucydides.core.requirements.PackageRequirementsTagProvider.getParentRequirementOf(PackageRequirementsTagProvider.java:232)
	at net.thucydides.core.requirements.ParentRequirementsProvided.forOutcome(ParentRequirementsProvided.java:26)
	at net.thucydides.core.requirements.BaseRequirementsService.getParentRequirementOf(BaseRequirementsService.java:156)
	at net.thucydides.core.requirements.BaseRequirementsService.getAncestorRequirementsFor(BaseRequirementsService.java:91)
	at net.thucydides.core.reports.html.HtmlAcceptanceTestReporter.addBreadcrumbs(HtmlAcceptanceTestReporter.java:198)
	at net.thucydides.core.reports.html.HtmlAcceptanceTestReporter.addParentRequirmentFieldToContext(HtmlAcceptanceTestReporter.java:186)
	at net.thucydides.core.reports.html.HtmlAcceptanceTestReporter.addTestOutcomeToContext(HtmlAcceptanceTestReporter.java:162)
	at net.thucydides.core.reports.html.HtmlAcceptanceTestReporter.generateReportFor(HtmlAcceptanceTestReporter.java:106)
	at net.thucydides.core.reports.ReportService.generateReportFor(ReportService.java:239)
	at net.thucydides.core.reports.ReportService.lambda$generateReportsFor$0(ReportService.java:175)
	at java.util.concurrent.Executors$RunnableAdapter.call(Executors.java:511)
	at java.util.concurrent.FutureTask.run(FutureTask.java:266)
	at java.util.concurrent.ThreadPoolExecutor.runWorker(ThreadPoolExecutor.java:1149)
	at java.util.concurrent.ThreadPoolExecutor$Worker.run(ThreadPoolExecutor.java:624)
	at java.lang.Thread.run(Thread.java:748)
[pool-2-thread-1] INFO net.thucydides.core.requirements.PackageRequirementsTagProvider - Loading requirements from package requirements at: net.thucydides.showcase.cucumber.junit
[pool-2-thread-1] WARN net.thucydides.core.requirements.RequirementsTagProvider - Failed to load requirements: null
net.thucydides.core.requirements.CouldNotLoadRequirementsException
	at net.thucydides.core.requirements.PackageRequirementsTagProvider.requirementPathsFromClassesInPackage(PackageRequirementsTagProvider.java:173)
	at net.thucydides.core.requirements.PackageRequirementsTagProvider.requirementPathsStartingFrom(PackageRequirementsTagProvider.java:158)
	at net.thucydides.core.requirements.PackageRequirementsTagProvider.requirementsReadFromClasspath(PackageRequirementsTagProvider.java:117)
	at net.thucydides.core.requirements.PackageRequirementsTagProvider.fetchRequirements(PackageRequirementsTagProvider.java:100)
	at net.thucydides.core.requirements.PackageRequirementsTagProvider.getRequirements(PackageRequirementsTagProvider.java:91)
	at net.thucydides.core.requirements.PackageRequirementsTagProvider.getTestCaseRequirementOf(PackageRequirementsTagProvider.java:236)
	at net.thucydides.core.requirements.PackageRequirementsTagProvider.getParentRequirementOf(PackageRequirementsTagProvider.java:232)
	at net.thucydides.core.requirements.ParentRequirementsProvided.forOutcome(ParentRequirementsProvided.java:26)
	at net.thucydides.core.requirements.BaseRequirementsService.getParentRequirementOf(BaseRequirementsService.java:156)
	at net.thucydides.core.requirements.BaseRequirementsService.getAncestorRequirementsFor(BaseRequirementsService.java:91)
	at net.thucydides.core.tags.BreadcrumbTagFilter.getRequirementBreadcrumbsFrom(BreadcrumbTagFilter.java:51)
	at net.thucydides.core.reports.html.HtmlAcceptanceTestReporter.addBreadcrumbs(HtmlAcceptanceTestReporter.java:199)
	at net.thucydides.core.reports.html.HtmlAcceptanceTestReporter.addParentRequirmentFieldToContext(HtmlAcceptanceTestReporter.java:186)
	at net.thucydides.core.reports.html.HtmlAcceptanceTestReporter.addTestOutcomeToContext(HtmlAcceptanceTestReporter.java:162)
	at net.thucydides.core.reports.html.HtmlAcceptanceTestReporter.generateReportFor(HtmlAcceptanceTestReporter.java:106)
	at net.thucydides.core.reports.ReportService.generateReportFor(ReportService.java:239)
	at net.thucydides.core.reports.ReportService.lambda$generateReportsFor$0(ReportService.java:175)
	at java.util.concurrent.Executors$RunnableAdapter.call(Executors.java:511)
	at java.util.concurrent.FutureTask.run(FutureTask.java:266)
	at java.util.concurrent.ThreadPoolExecutor.runWorker(ThreadPoolExecutor.java:1149)
	at java.util.concurrent.ThreadPoolExecutor$Worker.run(ThreadPoolExecutor.java:624)
	at java.lang.Thread.run(Thread.java:748)
[pool-2-thread-1] INFO net.thucydides.core.requirements.PackageRequirementsTagProvider - Loading requirements from package requirements at: net.thucydides.showcase.cucumber.junit
[pool-2-thread-1] WARN net.thucydides.core.requirements.RequirementsTagProvider - Failed to load requirements: null
net.thucydides.core.requirements.CouldNotLoadRequirementsException
	at net.thucydides.core.requirements.PackageRequirementsTagProvider.requirementPathsFromClassesInPackage(PackageRequirementsTagProvider.java:173)
	at net.thucydides.core.requirements.PackageRequirementsTagProvider.requirementPathsStartingFrom(PackageRequirementsTagProvider.java:158)
	at net.thucydides.core.requirements.PackageRequirementsTagProvider.requirementsReadFromClasspath(PackageRequirementsTagProvider.java:117)
	at net.thucydides.core.requirements.PackageRequirementsTagProvider.fetchRequirements(PackageRequirementsTagProvider.java:100)
	at net.thucydides.core.requirements.PackageRequirementsTagProvider.getRequirements(PackageRequirementsTagProvider.java:91)
	at net.thucydides.core.requirements.PackageRequirementsTagProvider.getTestCaseRequirementOf(PackageRequirementsTagProvider.java:236)
	at net.thucydides.core.requirements.PackageRequirementsTagProvider.getParentRequirementOf(PackageRequirementsTagProvider.java:232)
	at net.thucydides.core.requirements.ParentRequirementsProvided.forOutcome(ParentRequirementsProvided.java:26)
	at net.thucydides.core.requirements.BaseRequirementsService.getParentRequirementOf(BaseRequirementsService.java:156)
	at net.thucydides.core.requirements.BaseRequirementsService.getParentRequirementFor(BaseRequirementsService.java:61)
	at net.thucydides.core.reports.html.HtmlAcceptanceTestReporter.addParentRequirmentFieldToContext(HtmlAcceptanceTestReporter.java:168)
	at net.thucydides.core.reports.html.HtmlAcceptanceTestReporter.addTestOutcomeToContext(HtmlAcceptanceTestReporter.java:162)
	at net.thucydides.core.reports.html.HtmlAcceptanceTestReporter.generateScreenshotReportsFor(HtmlAcceptanceTestReporter.java:226)
	at net.thucydides.core.reports.html.HtmlAcceptanceTestReporter.generateReportFor(HtmlAcceptanceTestReporter.java:109)
	at net.thucydides.core.reports.ReportService.generateReportFor(ReportService.java:239)
	at net.thucydides.core.reports.ReportService.lambda$generateReportsFor$0(ReportService.java:175)
	at java.util.concurrent.Executors$RunnableAdapter.call(Executors.java:511)
	at java.util.concurrent.FutureTask.run(FutureTask.java:266)
	at java.util.concurrent.ThreadPoolExecutor.runWorker(ThreadPoolExecutor.java:1149)
	at java.util.concurrent.ThreadPoolExecutor$Worker.run(ThreadPoolExecutor.java:624)
	at java.lang.Thread.run(Thread.java:748)
[pool-2-thread-1] INFO net.thucydides.core.requirements.PackageRequirementsTagProvider - Loading requirements from package requirements at: net.thucydides.showcase.cucumber.junit
[pool-2-thread-1] WARN net.thucydides.core.requirements.RequirementsTagProvider - Failed to load requirements: null
net.thucydides.core.requirements.CouldNotLoadRequirementsException
	at net.thucydides.core.requirements.PackageRequirementsTagProvider.requirementPathsFromClassesInPackage(PackageRequirementsTagProvider.java:173)
	at net.thucydides.core.requirements.PackageRequirementsTagProvider.requirementPathsStartingFrom(PackageRequirementsTagProvider.java:158)
	at net.thucydides.core.requirements.PackageRequirementsTagProvider.requirementsReadFromClasspath(PackageRequirementsTagProvider.java:117)
	at net.thucydides.core.requirements.PackageRequirementsTagProvider.fetchRequirements(PackageRequirementsTagProvider.java:100)
	at net.thucydides.core.requirements.PackageRequirementsTagProvider.getRequirements(PackageRequirementsTagProvider.java:91)
	at net.thucydides.core.requirements.PackageRequirementsTagProvider.getTestCaseRequirementOf(PackageRequirementsTagProvider.java:236)
	at net.thucydides.core.requirements.PackageRequirementsTagProvider.getParentRequirementOf(PackageRequirementsTagProvider.java:232)
	at net.thucydides.core.requirements.ParentRequirementsProvided.forOutcome(ParentRequirementsProvided.java:26)
	at net.thucydides.core.requirements.BaseRequirementsService.getParentRequirementOf(BaseRequirementsService.java:156)
	at net.thucydides.core.requirements.BaseRequirementsService.getAncestorRequirementsFor(BaseRequirementsService.java:91)
	at net.thucydides.core.reports.html.HtmlAcceptanceTestReporter.addBreadcrumbs(HtmlAcceptanceTestReporter.java:198)
	at net.thucydides.core.reports.html.HtmlAcceptanceTestReporter.addParentRequirmentFieldToContext(HtmlAcceptanceTestReporter.java:186)
	at net.thucydides.core.reports.html.HtmlAcceptanceTestReporter.addTestOutcomeToContext(HtmlAcceptanceTestReporter.java:162)
	at net.thucydides.core.reports.html.HtmlAcceptanceTestReporter.generateScreenshotReportsFor(HtmlAcceptanceTestReporter.java:226)
	at net.thucydides.core.reports.html.HtmlAcceptanceTestReporter.generateReportFor(HtmlAcceptanceTestReporter.java:109)
	at net.thucydides.core.reports.ReportService.generateReportFor(ReportService.java:239)
	at net.thucydides.core.reports.ReportService.lambda$generateReportsFor$0(ReportService.java:175)
	at java.util.concurrent.Executors$RunnableAdapter.call(Executors.java:511)
	at java.util.concurrent.FutureTask.run(FutureTask.java:266)
	at java.util.concurrent.ThreadPoolExecutor.runWorker(ThreadPoolExecutor.java:1149)
	at java.util.concurrent.ThreadPoolExecutor$Worker.run(ThreadPoolExecutor.java:624)
	at java.lang.Thread.run(Thread.java:748)
[pool-2-thread-1] INFO net.thucydides.core.requirements.PackageRequirementsTagProvider - Loading requirements from package requirements at: net.thucydides.showcase.cucumber.junit
[pool-2-thread-1] WARN net.thucydides.core.requirements.RequirementsTagProvider - Failed to load requirements: null
net.thucydides.core.requirements.CouldNotLoadRequirementsException
	at net.thucydides.core.requirements.PackageRequirementsTagProvider.requirementPathsFromClassesInPackage(PackageRequirementsTagProvider.java:173)
	at net.thucydides.core.requirements.PackageRequirementsTagProvider.requirementPathsStartingFrom(PackageRequirementsTagProvider.java:158)
	at net.thucydides.core.requirements.PackageRequirementsTagProvider.requirementsReadFromClasspath(PackageRequirementsTagProvider.java:117)
	at net.thucydides.core.requirements.PackageRequirementsTagProvider.fetchRequirements(PackageRequirementsTagProvider.java:100)
	at net.thucydides.core.requirements.PackageRequirementsTagProvider.getRequirements(PackageRequirementsTagProvider.java:91)
	at net.thucydides.core.requirements.PackageRequirementsTagProvider.getTestCaseRequirementOf(PackageRequirementsTagProvider.java:236)
	at net.thucydides.core.requirements.PackageRequirementsTagProvider.getParentRequirementOf(PackageRequirementsTagProvider.java:232)
	at net.thucydides.core.requirements.ParentRequirementsProvided.forOutcome(ParentRequirementsProvided.java:26)
	at net.thucydides.core.requirements.BaseRequirementsService.getParentRequirementOf(BaseRequirementsService.java:156)
	at net.thucydides.core.requirements.BaseRequirementsService.getAncestorRequirementsFor(BaseRequirementsService.java:91)
	at net.thucydides.core.tags.BreadcrumbTagFilter.getRequirementBreadcrumbsFrom(BreadcrumbTagFilter.java:51)
	at net.thucydides.core.reports.html.HtmlAcceptanceTestReporter.addBreadcrumbs(HtmlAcceptanceTestReporter.java:199)
	at net.thucydides.core.reports.html.HtmlAcceptanceTestReporter.addParentRequirmentFieldToContext(HtmlAcceptanceTestReporter.java:186)
	at net.thucydides.core.reports.html.HtmlAcceptanceTestReporter.addTestOutcomeToContext(HtmlAcceptanceTestReporter.java:162)
	at net.thucydides.core.reports.html.HtmlAcceptanceTestReporter.generateScreenshotReportsFor(HtmlAcceptanceTestReporter.java:226)
	at net.thucydides.core.reports.html.HtmlAcceptanceTestReporter.generateReportFor(HtmlAcceptanceTestReporter.java:109)
	at net.thucydides.core.reports.ReportService.generateReportFor(ReportService.java:239)
	at net.thucydides.core.reports.ReportService.lambda$generateReportsFor$0(ReportService.java:175)
	at java.util.concurrent.Executors$RunnableAdapter.call(Executors.java:511)
	at java.util.concurrent.FutureTask.run(FutureTask.java:266)
	at java.util.concurrent.ThreadPoolExecutor.runWorker(ThreadPoolExecutor.java:1149)
	at java.util.concurrent.ThreadPoolExecutor$Worker.run(ThreadPoolExecutor.java:624)
	at java.lang.Thread.run(Thread.java:748)
]]></system-err>
</testsuite>
